[debug] [2025-05-14T18:44:22.976Z] ----------------------------------------------------------------------
[debug] [2025-05-14T18:44:22.978Z] Command:       C:\Program Files\nodejs\node.exe C:\Users\김예성\AppData\Roaming\npm\node_modules\firebase-tools\lib\bin\firebase.js deploy --only functions:autoDeploy
[debug] [2025-05-14T18:44:22.978Z] CLI Version:   13.35.1
[debug] [2025-05-14T18:44:22.979Z] Platform:      win32
[debug] [2025-05-14T18:44:22.979Z] Node Version:  v18.20.6
[debug] [2025-05-14T18:44:22.980Z] Time:          Thu May 15 2025 03:44:22 GMT+0900 (대한민국 표준시)
[debug] [2025-05-14T18:44:22.980Z] ----------------------------------------------------------------------
[debug] 
[debug] [2025-05-14T18:44:23.145Z] > command requires scopes: ["email","openid","https://www.googleapis.com/auth/cloudplatformprojects.readonly","https://www.googleapis.com/auth/firebase","https://www.googleapis.com/auth/cloud-platform"]
[debug] [2025-05-14T18:44:23.146Z] > authorizing via signed-in user (yesusanmulg@gmail.com)
[debug] [2025-05-14T18:44:23.146Z] [iam] checking project salepage-f39a1 for permissions ["cloudfunctions.functions.create","cloudfunctions.functions.delete","cloudfunctions.functions.get","cloudfunctions.functions.list","cloudfunctions.functions.update","cloudfunctions.operations.get","firebase.projects.get"]
[debug] [2025-05-14T18:44:23.147Z] Checked if tokens are valid: true, expires at: 1747249563251
[debug] [2025-05-14T18:44:23.147Z] Checked if tokens are valid: true, expires at: 1747249563251
[debug] [2025-05-14T18:44:23.148Z] >>> [apiv2][query] POST https://cloudresourcemanager.googleapis.com/v1/projects/salepage-f39a1:testIamPermissions [none]
[debug] [2025-05-14T18:44:23.148Z] >>> [apiv2][(partial)header] POST https://cloudresourcemanager.googleapis.com/v1/projects/salepage-f39a1:testIamPermissions x-goog-quota-user=projects/salepage-f39a1
[debug] [2025-05-14T18:44:23.148Z] >>> [apiv2][body] POST https://cloudresourcemanager.googleapis.com/v1/projects/salepage-f39a1:testIamPermissions {"permissions":["cloudfunctions.functions.create","cloudfunctions.functions.delete","cloudfunctions.functions.get","cloudfunctions.functions.list","cloudfunctions.functions.update","cloudfunctions.operations.get","firebase.projects.get"]}
[debug] [2025-05-14T18:44:24.074Z] <<< [apiv2][status] POST https://cloudresourcemanager.googleapis.com/v1/projects/salepage-f39a1:testIamPermissions 200
[debug] [2025-05-14T18:44:24.075Z] <<< [apiv2][body] POST https://cloudresourcemanager.googleapis.com/v1/projects/salepage-f39a1:testIamPermissions {"permissions":["cloudfunctions.functions.create","cloudfunctions.functions.delete","cloudfunctions.functions.get","cloudfunctions.functions.list","cloudfunctions.functions.update","cloudfunctions.operations.get","firebase.projects.get"]}
[debug] [2025-05-14T18:44:24.075Z] Checked if tokens are valid: true, expires at: 1747249563251
[debug] [2025-05-14T18:44:24.075Z] Checked if tokens are valid: true, expires at: 1747249563251
[debug] [2025-05-14T18:44:24.075Z] >>> [apiv2][query] POST https://iam.googleapis.com/v1/projects/salepage-f39a1/serviceAccounts/salepage-f39a1@appspot.gserviceaccount.com:testIamPermissions [none]
[debug] [2025-05-14T18:44:24.075Z] >>> [apiv2][body] POST https://iam.googleapis.com/v1/projects/salepage-f39a1/serviceAccounts/salepage-f39a1@appspot.gserviceaccount.com:testIamPermissions {"permissions":["iam.serviceAccounts.actAs"]}
